1487155532.368298 client started (91875): socket /private/tmp/tmux-501/default, protocol 8
1487155532.368336 on Darwin 16.4.0 Darwin Kernel Version 16.4.0: Thu Dec 22 22:53:21 PST 2016; root:xnu-3789.41.3~3/RELEASE_X86_64; libevent 2.0.22-stable (select)
1487155532.368386 socket is /private/tmp/tmux-501/default
1487155532.368399 trying connect
1487155532.368501 add peer 0x7fcc4201c800: 6 (0x0)
1487155532.370824 sending message 100 to peer 0x7fcc4201c800 (4 bytes)
1487155532.370861 sending message 101 to peer 0x7fcc4201c800 (16 bytes)
1487155532.370869 sending message 102 to peer 0x7fcc4201c800 (13 bytes)
1487155532.370874 sending message 108 to peer 0x7fcc4201c800 (44 bytes)
1487155532.370887 sending message 104 to peer 0x7fcc4201c800 (0 bytes)
1487155532.370891 sending message 107 to peer 0x7fcc4201c800 (4 bytes)
1487155532.370895 sending message 105 to peer 0x7fcc4201c800 (11 bytes)
1487155532.370899 sending message 105 to peer 0x7fcc4201c800 (67 bytes)
1487155532.370902 sending message 105 to peer 0x7fcc4201c800 (19 bytes)
1487155532.370906 sending message 105 to peer 0x7fcc4201c800 (76 bytes)
1487155532.370910 sending message 105 to peer 0x7fcc4201c800 (15 bytes)
1487155532.370913 sending message 105 to peer 0x7fcc4201c800 (75 bytes)
1487155532.370917 sending message 105 to peer 0x7fcc4201c800 (11 bytes)
1487155532.370921 sending message 105 to peer 0x7fcc4201c800 (24 bytes)
1487155532.370924 sending message 105 to peer 0x7fcc4201c800 (22 bytes)
1487155532.370928 sending message 105 to peer 0x7fcc4201c800 (61 bytes)
1487155532.370932 sending message 105 to peer 0x7fcc4201c800 (38 bytes)
1487155532.370936 sending message 105 to peer 0x7fcc4201c800 (75 bytes)
1487155532.370939 sending message 105 to peer 0x7fcc4201c800 (32 bytes)
1487155532.370943 sending message 105 to peer 0x7fcc4201c800 (17 bytes)
1487155532.370947 sending message 105 to peer 0x7fcc4201c800 (19 bytes)
1487155532.370950 sending message 105 to peer 0x7fcc4201c800 (21 bytes)
1487155532.370954 sending message 105 to peer 0x7fcc4201c800 (8 bytes)
1487155532.371013 sending message 105 to peer 0x7fcc4201c800 (20 bytes)
1487155532.371022 sending message 105 to peer 0x7fcc4201c800 (32 bytes)
1487155532.371027 sending message 105 to peer 0x7fcc4201c800 (44 bytes)
1487155532.371033 sending message 105 to peer 0x7fcc4201c800 (11 bytes)
1487155532.371039 sending message 105 to peer 0x7fcc4201c800 (154 bytes)
1487155532.371044 sending message 105 to peer 0x7fcc4201c800 (48 bytes)
1487155532.371050 sending message 105 to peer 0x7fcc4201c800 (25 bytes)
1487155532.371055 sending message 105 to peer 0x7fcc4201c800 (8 bytes)
1487155532.371060 sending message 105 to peer 0x7fcc4201c800 (66 bytes)
1487155532.371066 sending message 105 to peer 0x7fcc4201c800 (21 bytes)
1487155532.371073 sending message 105 to peer 0x7fcc4201c800 (23 bytes)
1487155532.371079 sending message 105 to peer 0x7fcc4201c800 (28 bytes)
1487155532.371085 sending message 105 to peer 0x7fcc4201c800 (60 bytes)
1487155532.371091 sending message 105 to peer 0x7fcc4201c800 (57 bytes)
1487155532.371096 sending message 105 to peer 0x7fcc4201c800 (42 bytes)
1487155532.371102 sending message 105 to peer 0x7fcc4201c800 (13 bytes)
1487155532.371108 sending message 105 to peer 0x7fcc4201c800 (59 bytes)
1487155532.371113 sending message 105 to peer 0x7fcc4201c800 (17 bytes)
1487155532.371119 sending message 105 to peer 0x7fcc4201c800 (14 bytes)
1487155532.371125 sending message 105 to peer 0x7fcc4201c800 (19 bytes)
1487155532.371131 sending message 105 to peer 0x7fcc4201c800 (34 bytes)
1487155532.371137 sending message 105 to peer 0x7fcc4201c800 (30 bytes)
1487155532.371142 sending message 105 to peer 0x7fcc4201c800 (22 bytes)
1487155532.371148 sending message 105 to peer 0x7fcc4201c800 (82 bytes)
1487155532.371154 sending message 105 to peer 0x7fcc4201c800 (38 bytes)
1487155532.371160 sending message 105 to peer 0x7fcc4201c800 (17 bytes)
1487155532.371165 sending message 105 to peer 0x7fcc4201c800 (15 bytes)
1487155532.371171 sending message 106 to peer 0x7fcc4201c800 (0 bytes)
1487155532.371181 sending message 200 to peer 0x7fcc4201c800 (4 bytes)
1487155532.371211 client loop enter
1487155532.375253 peer 0x7fcc4201c800 message 211
1487155532.375294 peer 0x7fcc4201c800 message 203
1487155532.375303 client loop exit
